{"C:\\Users\\Admin\\Documents\\projects\\node\\auth-server\\src\\controllers\\auth.ts": {"path":"C:\\Users\\Admin\\Documents\\projects\\node\\auth-server\\src\\controllers\\auth.ts","statementMap":{"0":{"start":{"line":8,"column":0},"end":{"line":8,"column":null}},"1":{"start":{"line":15,"column":26},"end":{"line":30,"column":2}},"2":{"start":{"line":19,"column":4},"end":{"line":30,"column":2}},"3":{"start":{"line":20,"column":2},"end":{"line":29,"column":3}},"4":{"start":{"line":22,"column":6},"end":{"line":22,"column":33}},"5":{"start":{"line":24,"column":28},"end":{"line":24,"column":69}},"6":{"start":{"line":26,"column":4},"end":{"line":26,"column":80}},"7":{"start":{"line":28,"column":4},"end":{"line":28,"column":16}},"8":{"start":{"line":15,"column":13},"end":{"line":15,"column":26}},"9":{"start":{"line":32,"column":25},"end":{"line":46,"column":2}},"10":{"start":{"line":36,"column":4},"end":{"line":46,"column":2}},"11":{"start":{"line":37,"column":2},"end":{"line":45,"column":3}},"12":{"start":{"line":38,"column":32},"end":{"line":38,"column":56}},"13":{"start":{"line":40,"column":28},"end":{"line":40,"column":62}},"14":{"start":{"line":42,"column":4},"end":{"line":42,"column":71}},"15":{"start":{"line":44,"column":4},"end":{"line":44,"column":16}},"16":{"start":{"line":32,"column":13},"end":{"line":32,"column":25}},"17":{"start":{"line":48,"column":36},"end":{"line":62,"column":2}},"18":{"start":{"line":52,"column":4},"end":{"line":62,"column":2}},"19":{"start":{"line":53,"column":2},"end":{"line":61,"column":3}},"20":{"start":{"line":54,"column":22},"end":{"line":54,"column":52}},"21":{"start":{"line":56,"column":24},"end":{"line":56,"column":45}},"22":{"start":{"line":58,"column":4},"end":{"line":58,"column":38}},"23":{"start":{"line":60,"column":4},"end":{"line":60,"column":16}},"24":{"start":{"line":48,"column":13},"end":{"line":48,"column":36}},"25":{"start":{"line":64,"column":27},"end":{"line":78,"column":2}},"26":{"start":{"line":68,"column":4},"end":{"line":78,"column":2}},"27":{"start":{"line":69,"column":2},"end":{"line":77,"column":3}},"28":{"start":{"line":70,"column":27},"end":{"line":70,"column":57}},"29":{"start":{"line":72,"column":24},"end":{"line":72,"column":52}},"30":{"start":{"line":74,"column":4},"end":{"line":74,"column":38}},"31":{"start":{"line":76,"column":4},"end":{"line":76,"column":16}},"32":{"start":{"line":64,"column":13},"end":{"line":64,"column":27}}},"fnMap":{"0":{"name":"(anonymous_7)","decl":{"start":{"line":15,"column":26},"end":{"line":15,"column":null}},"loc":{"start":{"line":19,"column":4},"end":{"line":30,"column":2}}},"1":{"name":"(anonymous_8)","decl":{"start":{"line":19,"column":4},"end":{"line":19,"column":null}},"loc":{"start":{"line":19,"column":4},"end":{"line":30,"column":1}}},"2":{"name":"(anonymous_9)","decl":{"start":{"line":32,"column":25},"end":{"line":32,"column":null}},"loc":{"start":{"line":36,"column":4},"end":{"line":46,"column":2}}},"3":{"name":"(anonymous_10)","decl":{"start":{"line":36,"column":4},"end":{"line":36,"column":null}},"loc":{"start":{"line":36,"column":4},"end":{"line":46,"column":1}}},"4":{"name":"(anonymous_11)","decl":{"start":{"line":48,"column":36},"end":{"line":48,"column":null}},"loc":{"start":{"line":52,"column":4},"end":{"line":62,"column":2}}},"5":{"name":"(anonymous_12)","decl":{"start":{"line":52,"column":4},"end":{"line":52,"column":null}},"loc":{"start":{"line":52,"column":4},"end":{"line":62,"column":1}}},"6":{"name":"(anonymous_13)","decl":{"start":{"line":64,"column":27},"end":{"line":64,"column":null}},"loc":{"start":{"line":68,"column":4},"end":{"line":78,"column":2}}},"7":{"name":"(anonymous_14)","decl":{"start":{"line":68,"column":4},"end":{"line":68,"column":null}},"loc":{"start":{"line":68,"column":4},"end":{"line":78,"column":1}}}},"branchMap":{},"s":{"0":2,"1":2,"2":2,"3":2,"4":2,"5":2,"6":1,"7":1,"8":2,"9":2,"10":2,"11":2,"12":2,"13":2,"14":1,"15":1,"16":2,"17":2,"18":2,"19":2,"20":2,"21":2,"22":1,"23":1,"24":2,"25":2,"26":2,"27":2,"28":2,"29":2,"30":1,"31":1,"32":2},"f":{"0":2,"1":2,"2":2,"3":2,"4":2,"5":2,"6":2,"7":2},"b":{}}
,"C:\\Users\\Admin\\Documents\\projects\\node\\auth-server\\src\\controllers\\user.ts": {"path":"C:\\Users\\Admin\\Documents\\projects\\node\\auth-server\\src\\controllers\\user.ts","statementMap":{"0":{"start":{"line":7,"column":0},"end":{"line":7,"column":null}},"1":{"start":{"line":14,"column":0},"end":{"line":14,"column":42}},"2":{"start":{"line":16,"column":24},"end":{"line":34,"column":2}},"3":{"start":{"line":20,"column":4},"end":{"line":34,"column":2}},"4":{"start":{"line":21,"column":2},"end":{"line":33,"column":3}},"5":{"start":{"line":22,"column":18},"end":{"line":22,"column":37}},"6":{"start":{"line":24,"column":19},"end":{"line":28,"column":6}},"7":{"start":{"line":30,"column":4},"end":{"line":30,"column":33}},"8":{"start":{"line":32,"column":4},"end":{"line":32,"column":16}},"9":{"start":{"line":16,"column":13},"end":{"line":16,"column":24}},"10":{"start":{"line":36,"column":23},"end":{"line":58,"column":2}},"11":{"start":{"line":40,"column":4},"end":{"line":58,"column":2}},"12":{"start":{"line":41,"column":2},"end":{"line":57,"column":3}},"13":{"start":{"line":42,"column":19},"end":{"line":42,"column":47}},"14":{"start":{"line":43,"column":4},"end":{"line":45,"column":5}},"15":{"start":{"line":44,"column":6},"end":{"line":44,"column":50}},"16":{"start":{"line":47,"column":17},"end":{"line":47,"column":44}},"17":{"start":{"line":49,"column":19},"end":{"line":52,"column":6}},"18":{"start":{"line":54,"column":4},"end":{"line":54,"column":33}},"19":{"start":{"line":56,"column":4},"end":{"line":56,"column":16}},"20":{"start":{"line":36,"column":13},"end":{"line":36,"column":23}},"21":{"start":{"line":60,"column":36},"end":{"line":74,"column":2}},"22":{"start":{"line":64,"column":4},"end":{"line":74,"column":2}},"23":{"start":{"line":65,"column":2},"end":{"line":73,"column":3}},"24":{"start":{"line":66,"column":22},"end":{"line":66,"column":54}},"25":{"start":{"line":68,"column":24},"end":{"line":68,"column":57}},"26":{"start":{"line":70,"column":4},"end":{"line":70,"column":38}},"27":{"start":{"line":72,"column":4},"end":{"line":72,"column":16}},"28":{"start":{"line":60,"column":13},"end":{"line":60,"column":36}},"29":{"start":{"line":76,"column":37},"end":{"line":90,"column":2}},"30":{"start":{"line":80,"column":4},"end":{"line":90,"column":2}},"31":{"start":{"line":81,"column":2},"end":{"line":89,"column":3}},"32":{"start":{"line":82,"column":27},"end":{"line":82,"column":57}},"33":{"start":{"line":84,"column":24},"end":{"line":84,"column":55}},"34":{"start":{"line":86,"column":4},"end":{"line":86,"column":38}},"35":{"start":{"line":88,"column":4},"end":{"line":88,"column":16}},"36":{"start":{"line":76,"column":13},"end":{"line":76,"column":37}},"37":{"start":{"line":92,"column":29},"end":{"line":106,"column":2}},"38":{"start":{"line":96,"column":4},"end":{"line":106,"column":2}},"39":{"start":{"line":97,"column":2},"end":{"line":105,"column":3}},"40":{"start":{"line":99,"column":6},"end":{"line":99,"column":38}},"41":{"start":{"line":101,"column":24},"end":{"line":101,"column":64}},"42":{"start":{"line":102,"column":4},"end":{"line":102,"column":38}},"43":{"start":{"line":104,"column":4},"end":{"line":104,"column":16}},"44":{"start":{"line":92,"column":13},"end":{"line":92,"column":29}}},"fnMap":{"0":{"name":"(anonymous_8)","decl":{"start":{"line":16,"column":24},"end":{"line":16,"column":null}},"loc":{"start":{"line":20,"column":4},"end":{"line":34,"column":2}}},"1":{"name":"(anonymous_9)","decl":{"start":{"line":20,"column":4},"end":{"line":20,"column":null}},"loc":{"start":{"line":20,"column":4},"end":{"line":34,"column":1}}},"2":{"name":"(anonymous_10)","decl":{"start":{"line":36,"column":23},"end":{"line":36,"column":null}},"loc":{"start":{"line":40,"column":4},"end":{"line":58,"column":2}}},"3":{"name":"(anonymous_11)","decl":{"start":{"line":40,"column":4},"end":{"line":40,"column":null}},"loc":{"start":{"line":40,"column":4},"end":{"line":58,"column":1}}},"4":{"name":"(anonymous_12)","decl":{"start":{"line":60,"column":36},"end":{"line":60,"column":null}},"loc":{"start":{"line":64,"column":4},"end":{"line":74,"column":2}}},"5":{"name":"(anonymous_13)","decl":{"start":{"line":64,"column":4},"end":{"line":64,"column":null}},"loc":{"start":{"line":64,"column":4},"end":{"line":74,"column":1}}},"6":{"name":"(anonymous_14)","decl":{"start":{"line":76,"column":37},"end":{"line":76,"column":null}},"loc":{"start":{"line":80,"column":4},"end":{"line":90,"column":2}}},"7":{"name":"(anonymous_15)","decl":{"start":{"line":80,"column":4},"end":{"line":80,"column":null}},"loc":{"start":{"line":80,"column":4},"end":{"line":90,"column":1}}},"8":{"name":"(anonymous_16)","decl":{"start":{"line":92,"column":29},"end":{"line":92,"column":null}},"loc":{"start":{"line":96,"column":4},"end":{"line":106,"column":2}}},"9":{"name":"(anonymous_17)","decl":{"start":{"line":96,"column":4},"end":{"line":96,"column":null}},"loc":{"start":{"line":96,"column":4},"end":{"line":106,"column":1}}}},"branchMap":{"0":{"loc":{"start":{"line":43,"column":4},"end":{"line":45,"column":5}},"type":"if","locations":[{"start":{"line":43,"column":4},"end":{"line":45,"column":5}}]}},"s":{"0":1,"1":1,"2":1,"3":2,"4":2,"5":2,"6":1,"7":1,"8":1,"9":1,"10":1,"11":3,"12":3,"13":3,"14":3,"15":1,"16":2,"17":1,"18":1,"19":2,"20":1,"21":1,"22":2,"23":2,"24":2,"25":2,"26":1,"27":1,"28":1,"29":1,"30":2,"31":2,"32":2,"33":2,"34":1,"35":1,"36":1,"37":1,"38":2,"39":2,"40":2,"41":2,"42":1,"43":1,"44":1},"f":{"0":2,"1":2,"2":3,"3":3,"4":2,"5":2,"6":2,"7":2,"8":2,"9":2},"b":{"0":[1]}}
,"C:\\Users\\Admin\\Documents\\projects\\node\\auth-server\\src\\lib\\sendgrid.ts": {"path":"C:\\Users\\Admin\\Documents\\projects\\node\\auth-server\\src\\lib\\sendgrid.ts","statementMap":{"0":{"start":{"line":1,"column":0},"end":{"line":1,"column":58}},"1":{"start":{"line":2,"column":0},"end":{"line":2,"column":28}},"2":{"start":{"line":4,"column":0},"end":{"line":4,"column":16}},"3":{"start":{"line":6,"column":0},"end":{"line":6,"column":48}},"4":{"start":{"line":8,"column":24},"end":{"line":16,"column":2}},"5":{"start":{"line":8,"column":60},"end":{"line":16,"column":2}},"6":{"start":{"line":9,"column":2},"end":{"line":15,"column":3}},"7":{"start":{"line":10,"column":4},"end":{"line":10,"column":31}},"8":{"start":{"line":11,"column":24},"end":{"line":11,"column":91}},"9":{"start":{"line":13,"column":24},"end":{"line":13,"column":104}},"10":{"start":{"line":14,"column":4},"end":{"line":14,"column":44}},"11":{"start":{"line":8,"column":13},"end":{"line":8,"column":24}},"12":{"start":{"line":23,"column":85},"end":{"line":23,"column":39991}},"13":{"start":{"line":23,"column":89},"end":{"line":23,"column":39980}},"14":{"start":{"line":23,"column":40106},"end":{"line":23,"column":40112}},"15":{"start":{"line":23,"column":40227},"end":{"line":23,"column":40233}},"16":{"start":{"line":23,"column":40352},"end":{"line":23,"column":40358}},"17":{"start":{"line":23,"column":40502},"end":{"line":23,"column":40508}}},"fnMap":{"0":{"name":"(anonymous_8)","decl":{"start":{"line":8,"column":24},"end":{"line":8,"column":31}},"loc":{"start":{"line":8,"column":60},"end":{"line":16,"column":2}}},"1":{"name":"(anonymous_9)","decl":{"start":{"line":8,"column":60},"end":{"line":8,"column":null}},"loc":{"start":{"line":8,"column":60},"end":{"line":16,"column":1}}},"2":{"name":"oo_cm","decl":{"start":{"line":23,"column":77},"end":{"line":23,"column":82}},"loc":{"start":{"line":23,"column":82},"end":{"line":23,"column":39992}}}},"branchMap":{"0":{"loc":{"start":{"line":23,"column":96},"end":{"line":23,"column":39979}},"type":"binary-expr","locations":[{"start":{"line":23,"column":96},"end":{"line":23,"column":133}},{"start":{"line":23,"column":137},"end":{"line":23,"column":39979}}]}},"s":{"0":3,"1":3,"2":3,"3":3,"4":3,"5":0,"6":0,"7":0,"8":0,"9":0,"10":0,"11":3,"12":0,"13":0,"14":3,"15":3,"16":3,"17":3},"f":{"0":0,"1":0,"2":0},"b":{"0":[0,0]}}
,"C:\\Users\\Admin\\Documents\\projects\\node\\auth-server\\src\\lib\\swagger.ts": {"path":"C:\\Users\\Admin\\Documents\\projects\\node\\auth-server\\src\\lib\\swagger.ts","statementMap":{"0":{"start":{"line":1,"column":0},"end":{"line":1,"column":43}},"1":{"start":{"line":2,"column":0},"end":{"line":2,"column":54}},"2":{"start":{"line":3,"column":0},"end":{"line":3,"column":28}},"3":{"start":{"line":5,"column":0},"end":{"line":5,"column":16}},"4":{"start":{"line":7,"column":25},"end":{"line":33,"column":2}},"5":{"start":{"line":35,"column":20},"end":{"line":35,"column":41}},"6":{"start":{"line":37,"column":0},"end":{"line":37,"column":44}}},"fnMap":{},"branchMap":{"0":{"loc":{"start":{"line":18,"column":10},"end":{"line":20,"column":34}},"type":"cond-expr","locations":[{"start":{"line":19,"column":14},"end":{"line":19,"column":37}},{"start":{"line":20,"column":14},"end":{"line":20,"column":34}}]},"1":{"loc":{"start":{"line":22,"column":10},"end":{"line":24,"column":33}},"type":"cond-expr","locations":[{"start":{"line":23,"column":14},"end":{"line":23,"column":34}},{"start":{"line":24,"column":14},"end":{"line":24,"column":33}}]},"2":{"loc":{"start":{"line":29,"column":4},"end":{"line":31,"column":28}},"type":"cond-expr","locations":[{"start":{"line":30,"column":8},"end":{"line":30,"column":27}},{"start":{"line":31,"column":8},"end":{"line":31,"column":28}}]}},"s":{"0":1,"1":1,"2":1,"3":1,"4":1,"5":1,"6":1},"f":{},"b":{"0":[0,1],"1":[0,1],"2":[0,1]}}
,"C:\\Users\\Admin\\Documents\\projects\\node\\auth-server\\src\\middleware\\index.ts": {"path":"C:\\Users\\Admin\\Documents\\projects\\node\\auth-server\\src\\middleware\\index.ts","statementMap":{"0":{"start":{"line":2,"column":0},"end":{"line":2,"column":42}},"1":{"start":{"line":3,"column":0},"end":{"line":3,"column":45}},"2":{"start":{"line":5,"column":22},"end":{"line":12,"column":1}},"3":{"start":{"line":10,"column":22},"end":{"line":10,"column":99}},"4":{"start":{"line":11,"column":2},"end":{"line":11,"column":9}},"5":{"start":{"line":5,"column":13},"end":{"line":5,"column":22}},"6":{"start":{"line":15,"column":2},"end":{"line":31,"column":3}},"7":{"start":{"line":16,"column":2},"end":{"line":31,"column":3}},"8":{"start":{"line":17,"column":4},"end":{"line":30,"column":5}},"9":{"start":{"line":18,"column":6},"end":{"line":18,"column":29}},"10":{"start":{"line":19,"column":6},"end":{"line":19,"column":13}},"11":{"start":{"line":21,"column":6},"end":{"line":28,"column":7}},"12":{"start":{"line":22,"column":8},"end":{"line":27,"column":10}},"13":{"start":{"line":29,"column":6},"end":{"line":29,"column":18}},"14":{"start":{"line":14,"column":13},"end":{"line":14,"column":null}},"15":{"start":{"line":33,"column":24},"end":{"line":40,"column":1}},"16":{"start":{"line":38,"column":16},"end":{"line":38,"column":74}},"17":{"start":{"line":39,"column":2},"end":{"line":39,"column":14}},"18":{"start":{"line":33,"column":13},"end":{"line":33,"column":24}},"19":{"start":{"line":42,"column":28},"end":{"line":61,"column":1}},"20":{"start":{"line":48,"column":19},"end":{"line":48,"column":22}},"21":{"start":{"line":49,"column":16},"end":{"line":49,"column":56}},"22":{"start":{"line":51,"column":2},"end":{"line":58,"column":3}},"23":{"start":{"line":52,"column":4},"end":{"line":52,"column":30}},"24":{"start":{"line":53,"column":4},"end":{"line":53,"column":28}},"25":{"start":{"line":54,"column":4},"end":{"line":57,"column":5}},"26":{"start":{"line":55,"column":6},"end":{"line":55,"column":71}},"27":{"start":{"line":56,"column":6},"end":{"line":56,"column":13}},"28":{"start":{"line":60,"column":2},"end":{"line":60,"column":43}},"29":{"start":{"line":42,"column":13},"end":{"line":42,"column":28}},"30":{"start":{"line":68,"column":85},"end":{"line":68,"column":39991}},"31":{"start":{"line":68,"column":89},"end":{"line":68,"column":39980}},"32":{"start":{"line":68,"column":40106},"end":{"line":68,"column":40112}},"33":{"start":{"line":68,"column":40227},"end":{"line":68,"column":40233}},"34":{"start":{"line":68,"column":40352},"end":{"line":68,"column":40358}},"35":{"start":{"line":68,"column":40502},"end":{"line":68,"column":40508}}},"fnMap":{"0":{"name":"(anonymous_1)","decl":{"start":{"line":5,"column":22},"end":{"line":5,"column":null}},"loc":{"start":{"line":9,"column":4},"end":{"line":12,"column":1}}},"1":{"name":"(anonymous_2)","decl":{"start":{"line":15,"column":2},"end":{"line":15,"column":24}},"loc":{"start":{"line":16,"column":2},"end":{"line":31,"column":3}}},"2":{"name":"(anonymous_3)","decl":{"start":{"line":16,"column":2},"end":{"line":16,"column":3}},"loc":{"start":{"line":16,"column":78},"end":{"line":31,"column":3}}},"3":{"name":"(anonymous_4)","decl":{"start":{"line":33,"column":24},"end":{"line":33,"column":null}},"loc":{"start":{"line":37,"column":4},"end":{"line":40,"column":1}}},"4":{"name":"(anonymous_5)","decl":{"start":{"line":42,"column":28},"end":{"line":42,"column":null}},"loc":{"start":{"line":47,"column":4},"end":{"line":61,"column":1}}},"5":{"name":"oo_cm","decl":{"start":{"line":68,"column":77},"end":{"line":68,"column":82}},"loc":{"start":{"line":68,"column":82},"end":{"line":68,"column":39992}}}},"branchMap":{"0":{"loc":{"start":{"line":21,"column":6},"end":{"line":28,"column":7}},"type":"if","locations":[{"start":{"line":21,"column":6},"end":{"line":28,"column":7}}]},"1":{"loc":{"start":{"line":49,"column":16},"end":{"line":49,"column":56}},"type":"binary-expr","locations":[{"start":{"line":49,"column":16},"end":{"line":49,"column":29}},{"start":{"line":49,"column":33},"end":{"line":49,"column":56}}]},"2":{"loc":{"start":{"line":51,"column":2},"end":{"line":58,"column":3}},"type":"if","locations":[{"start":{"line":51,"column":2},"end":{"line":58,"column":3}}]},"3":{"loc":{"start":{"line":54,"column":4},"end":{"line":57,"column":5}},"type":"if","locations":[{"start":{"line":54,"column":4},"end":{"line":57,"column":5}}]},"4":{"loc":{"start":{"line":54,"column":8},"end":{"line":54,"column":22}},"type":"cond-expr","locations":[{"start":{"line":54,"column":13},"end":{"line":54,"column":15}},{"start":{"line":54,"column":8},"end":{"line":54,"column":22}}]},"5":{"loc":{"start":{"line":54,"column":8},"end":{"line":54,"column":15}},"type":"binary-expr","locations":[{"start":{"line":54,"column":8},"end":{"line":54,"column":15}},{"start":{"line":54,"column":8},"end":{"line":54,"column":15}}]},"6":{"loc":{"start":{"line":68,"column":96},"end":{"line":68,"column":39979}},"type":"binary-expr","locations":[{"start":{"line":68,"column":96},"end":{"line":68,"column":133}},{"start":{"line":68,"column":137},"end":{"line":68,"column":39979}}]}},"s":{"0":1,"1":1,"2":1,"3":2,"4":2,"5":1,"6":1,"7":7,"8":0,"9":0,"10":0,"11":0,"12":0,"13":0,"14":1,"15":1,"16":0,"17":0,"18":1,"19":1,"20":0,"21":0,"22":0,"23":0,"24":0,"25":0,"26":0,"27":0,"28":0,"29":1,"30":2,"31":2,"32":1,"33":1,"34":1,"35":1},"f":{"0":2,"1":7,"2":0,"3":0,"4":0,"5":2},"b":{"0":[0],"1":[0,0],"2":[0],"3":[0],"4":[0,0],"5":[0,0],"6":[2,1]}}
,"C:\\Users\\Admin\\Documents\\projects\\node\\auth-server\\src\\models\\otp.ts": {"path":"C:\\Users\\Admin\\Documents\\projects\\node\\auth-server\\src\\models\\otp.ts","statementMap":{"0":{"start":{"line":1,"column":0},"end":{"line":1,"column":32}},"1":{"start":{"line":4,"column":18},"end":{"line":19,"column":null}},"2":{"start":{"line":22,"column":0},"end":{"line":22,"column":48}}},"fnMap":{},"branchMap":{},"s":{"0":3,"1":3,"2":3},"f":{},"b":{}}
,"C:\\Users\\Admin\\Documents\\projects\\node\\auth-server\\src\\models\\user.ts": {"path":"C:\\Users\\Admin\\Documents\\projects\\node\\auth-server\\src\\models\\user.ts","statementMap":{"0":{"start":{"line":1,"column":0},"end":{"line":1,"column":32}},"1":{"start":{"line":4,"column":19},"end":{"line":24,"column":null}},"2":{"start":{"line":27,"column":0},"end":{"line":27,"column":50}}},"fnMap":{},"branchMap":{},"s":{"0":3,"1":3,"2":3},"f":{},"b":{}}
,"C:\\Users\\Admin\\Documents\\projects\\node\\auth-server\\src\\routes\\auth.ts": {"path":"C:\\Users\\Admin\\Documents\\projects\\node\\auth-server\\src\\routes\\auth.ts","statementMap":{"0":{"start":{"line":1,"column":0},"end":{"line":1,"column":null}},"1":{"start":{"line":7,"column":0},"end":{"line":7,"column":30}},"2":{"start":{"line":8,"column":0},"end":{"line":8,"column":41}},"3":{"start":{"line":9,"column":0},"end":{"line":9,"column":null}},"4":{"start":{"line":16,"column":15},"end":{"line":16,"column":31}},"5":{"start":{"line":82,"column":0},"end":{"line":82,"column":63}},"6":{"start":{"line":148,"column":0},"end":{"line":148,"column":56}},"7":{"start":{"line":183,"column":0},"end":{"line":187,"column":2}},"8":{"start":{"line":226,"column":0},"end":{"line":226,"column":71}},"9":{"start":{"line":228,"column":0},"end":{"line":228,"column":22}}},"fnMap":{},"branchMap":{},"s":{"0":1,"1":1,"2":1,"3":1,"4":1,"5":1,"6":1,"7":1,"8":1,"9":1},"f":{},"b":{}}
,"C:\\Users\\Admin\\Documents\\projects\\node\\auth-server\\src\\routes\\user.ts": {"path":"C:\\Users\\Admin\\Documents\\projects\\node\\auth-server\\src\\routes\\user.ts","statementMap":{"0":{"start":{"line":1,"column":0},"end":{"line":1,"column":null}},"1":{"start":{"line":8,"column":0},"end":{"line":8,"column":30}},"2":{"start":{"line":9,"column":0},"end":{"line":9,"column":41}},"3":{"start":{"line":10,"column":0},"end":{"line":10,"column":null}},"4":{"start":{"line":16,"column":15},"end":{"line":16,"column":31}},"5":{"start":{"line":91,"column":0},"end":{"line":91,"column":26}},"6":{"start":{"line":121,"column":0},"end":{"line":121,"column":28}},"7":{"start":{"line":166,"column":0},"end":{"line":170,"column":2}},"8":{"start":{"line":219,"column":0},"end":{"line":223,"column":2}},"9":{"start":{"line":277,"column":0},"end":{"line":277,"column":78}},"10":{"start":{"line":279,"column":0},"end":{"line":279,"column":22}}},"fnMap":{},"branchMap":{},"s":{"0":1,"1":1,"2":1,"3":1,"4":1,"5":1,"6":1,"7":1,"8":1,"9":1,"10":1},"f":{},"b":{}}
,"C:\\Users\\Admin\\Documents\\projects\\node\\auth-server\\src\\services\\auth.ts": {"path":"C:\\Users\\Admin\\Documents\\projects\\node\\auth-server\\src\\services\\auth.ts","statementMap":{"0":{"start":{"line":1,"column":0},"end":{"line":1,"column":34}},"1":{"start":{"line":2,"column":0},"end":{"line":2,"column":32}},"2":{"start":{"line":3,"column":0},"end":{"line":3,"column":42}},"3":{"start":{"line":4,"column":0},"end":{"line":4,"column":30}},"4":{"start":{"line":5,"column":0},"end":{"line":5,"column":31}},"5":{"start":{"line":6,"column":0},"end":{"line":6,"column":43}},"6":{"start":{"line":7,"column":0},"end":{"line":7,"column":62}},"7":{"start":{"line":9,"column":28},"end":{"line":54,"column":2}},"8":{"start":{"line":13,"column":4},"end":{"line":54,"column":2}},"9":{"start":{"line":14,"column":17},"end":{"line":14,"column":49}},"10":{"start":{"line":16,"column":2},"end":{"line":18,"column":3}},"11":{"start":{"line":17,"column":4},"end":{"line":17,"column":70}},"12":{"start":{"line":20,"column":25},"end":{"line":20,"column":56}},"13":{"start":{"line":22,"column":15},"end":{"line":27,"column":4}},"14":{"start":{"line":29,"column":16},"end":{"line":31,"column":4}},"15":{"start":{"line":33,"column":29},"end":{"line":33,"column":42}},"16":{"start":{"line":35,"column":18},"end":{"line":39,"column":4}},"17":{"start":{"line":41,"column":2},"end":{"line":51,"column":5}},"18":{"start":{"line":53,"column":2},"end":{"line":53,"column":25}},"19":{"start":{"line":9,"column":13},"end":{"line":9,"column":28}},"20":{"start":{"line":56,"column":27},"end":{"line":74,"column":2}},"21":{"start":{"line":56,"column":69},"end":{"line":74,"column":2}},"22":{"start":{"line":57,"column":15},"end":{"line":57,"column":44}},"23":{"start":{"line":59,"column":2},"end":{"line":61,"column":3}},"24":{"start":{"line":60,"column":4},"end":{"line":60,"column":60}},"25":{"start":{"line":63,"column":18},"end":{"line":63,"column":63}},"26":{"start":{"line":65,"column":2},"end":{"line":67,"column":3}},"27":{"start":{"line":66,"column":4},"end":{"line":66,"column":60}},"28":{"start":{"line":69,"column":16},"end":{"line":71,"column":4}},"29":{"start":{"line":73,"column":2},"end":{"line":73,"column":25}},"30":{"start":{"line":56,"column":13},"end":{"line":56,"column":27}},"31":{"start":{"line":76,"column":24},"end":{"line":107,"column":2}},"32":{"start":{"line":76,"column":48},"end":{"line":107,"column":2}},"33":{"start":{"line":77,"column":17},"end":{"line":77,"column":49}},"34":{"start":{"line":79,"column":2},"end":{"line":81,"column":3}},"35":{"start":{"line":80,"column":4},"end":{"line":80,"column":49}},"36":{"start":{"line":83,"column":2},"end":{"line":83,"column":34}},"37":{"start":{"line":85,"column":29},"end":{"line":85,"column":42}},"38":{"start":{"line":87,"column":18},"end":{"line":91,"column":4}},"39":{"start":{"line":93,"column":2},"end":{"line":103,"column":5}},"40":{"start":{"line":105,"column":18},"end":{"line":105,"column":41}},"41":{"start":{"line":106,"column":2},"end":{"line":106,"column":21}},"42":{"start":{"line":76,"column":13},"end":{"line":76,"column":24}},"43":{"start":{"line":109,"column":26},"end":{"line":135,"column":2}},"44":{"start":{"line":109,"column":63},"end":{"line":135,"column":2}},"45":{"start":{"line":110,"column":17},"end":{"line":110,"column":49}},"46":{"start":{"line":112,"column":2},"end":{"line":114,"column":3}},"47":{"start":{"line":113,"column":4},"end":{"line":113,"column":49}},"48":{"start":{"line":116,"column":18},"end":{"line":116,"column":46}},"49":{"start":{"line":118,"column":2},"end":{"line":120,"column":3}},"50":{"start":{"line":119,"column":4},"end":{"line":119,"column":51}},"51":{"start":{"line":122,"column":21},"end":{"line":122,"column":69}},"52":{"start":{"line":124,"column":2},"end":{"line":126,"column":3}},"53":{"start":{"line":125,"column":4},"end":{"line":125,"column":51}},"54":{"start":{"line":128,"column":2},"end":{"line":131,"column":5}},"55":{"start":{"line":133,"column":18},"end":{"line":133,"column":47}},"56":{"start":{"line":134,"column":2},"end":{"line":134,"column":21}},"57":{"start":{"line":109,"column":13},"end":{"line":109,"column":26}}},"fnMap":{"0":{"name":"(anonymous_8)","decl":{"start":{"line":9,"column":28},"end":{"line":9,"column":null}},"loc":{"start":{"line":13,"column":4},"end":{"line":54,"column":2}}},"1":{"name":"(anonymous_9)","decl":{"start":{"line":13,"column":4},"end":{"line":13,"column":null}},"loc":{"start":{"line":13,"column":4},"end":{"line":54,"column":1}}},"2":{"name":"(anonymous_10)","decl":{"start":{"line":56,"column":27},"end":{"line":56,"column":34}},"loc":{"start":{"line":56,"column":69},"end":{"line":74,"column":2}}},"3":{"name":"(anonymous_11)","decl":{"start":{"line":56,"column":69},"end":{"line":56,"column":null}},"loc":{"start":{"line":56,"column":69},"end":{"line":74,"column":1}}},"4":{"name":"(anonymous_12)","decl":{"start":{"line":76,"column":24},"end":{"line":76,"column":31}},"loc":{"start":{"line":76,"column":48},"end":{"line":107,"column":2}}},"5":{"name":"(anonymous_13)","decl":{"start":{"line":76,"column":48},"end":{"line":76,"column":null}},"loc":{"start":{"line":76,"column":48},"end":{"line":107,"column":1}}},"6":{"name":"(anonymous_14)","decl":{"start":{"line":109,"column":26},"end":{"line":109,"column":33}},"loc":{"start":{"line":109,"column":63},"end":{"line":135,"column":2}}},"7":{"name":"(anonymous_15)","decl":{"start":{"line":109,"column":63},"end":{"line":109,"column":null}},"loc":{"start":{"line":109,"column":63},"end":{"line":135,"column":1}}}},"branchMap":{"0":{"loc":{"start":{"line":16,"column":2},"end":{"line":18,"column":3}},"type":"if","locations":[{"start":{"line":16,"column":2},"end":{"line":18,"column":3}}]},"1":{"loc":{"start":{"line":59,"column":2},"end":{"line":61,"column":3}},"type":"if","locations":[{"start":{"line":59,"column":2},"end":{"line":61,"column":3}}]},"2":{"loc":{"start":{"line":65,"column":2},"end":{"line":67,"column":3}},"type":"if","locations":[{"start":{"line":65,"column":2},"end":{"line":67,"column":3}}]},"3":{"loc":{"start":{"line":79,"column":2},"end":{"line":81,"column":3}},"type":"if","locations":[{"start":{"line":79,"column":2},"end":{"line":81,"column":3}}]},"4":{"loc":{"start":{"line":112,"column":2},"end":{"line":114,"column":3}},"type":"if","locations":[{"start":{"line":112,"column":2},"end":{"line":114,"column":3}}]},"5":{"loc":{"start":{"line":118,"column":2},"end":{"line":120,"column":3}},"type":"if","locations":[{"start":{"line":118,"column":2},"end":{"line":120,"column":3}}]},"6":{"loc":{"start":{"line":124,"column":2},"end":{"line":126,"column":3}},"type":"if","locations":[{"start":{"line":124,"column":2},"end":{"line":126,"column":3}}]}},"s":{"0":2,"1":2,"2":2,"3":2,"4":2,"5":2,"6":2,"7":2,"8":2,"9":2,"10":2,"11":1,"12":1,"13":1,"14":1,"15":1,"16":1,"17":1,"18":1,"19":2,"20":2,"21":3,"22":3,"23":3,"24":1,"25":2,"26":2,"27":1,"28":1,"29":1,"30":2,"31":2,"32":2,"33":2,"34":2,"35":1,"36":1,"37":1,"38":1,"39":1,"40":1,"41":1,"42":2,"43":2,"44":4,"45":4,"46":4,"47":1,"48":3,"49":3,"50":1,"51":2,"52":2,"53":1,"54":1,"55":1,"56":1,"57":2},"f":{"0":2,"1":2,"2":3,"3":3,"4":2,"5":2,"6":4,"7":4},"b":{"0":[1],"1":[1],"2":[1],"3":[1],"4":[1],"5":[1],"6":[1]}}
,"C:\\Users\\Admin\\Documents\\projects\\node\\auth-server\\src\\services\\user.ts": {"path":"C:\\Users\\Admin\\Documents\\projects\\node\\auth-server\\src\\services\\user.ts","statementMap":{"0":{"start":{"line":1,"column":0},"end":{"line":1,"column":34}},"1":{"start":{"line":2,"column":0},"end":{"line":2,"column":32}},"2":{"start":{"line":3,"column":0},"end":{"line":3,"column":42}},"3":{"start":{"line":4,"column":0},"end":{"line":4,"column":62}},"4":{"start":{"line":5,"column":0},"end":{"line":5,"column":43}},"5":{"start":{"line":6,"column":0},"end":{"line":6,"column":30}},"6":{"start":{"line":8,"column":27},"end":{"line":10,"column":2}},"7":{"start":{"line":8,"column":38},"end":{"line":10,"column":2}},"8":{"start":{"line":9,"column":2},"end":{"line":9,"column":49}},"9":{"start":{"line":8,"column":13},"end":{"line":8,"column":27}},"10":{"start":{"line":12,"column":33},"end":{"line":14,"column":2}},"11":{"start":{"line":12,"column":54},"end":{"line":14,"column":2}},"12":{"start":{"line":13,"column":2},"end":{"line":13,"column":53}},"13":{"start":{"line":12,"column":13},"end":{"line":12,"column":33}},"14":{"start":{"line":16,"column":36},"end":{"line":48,"column":2}},"15":{"start":{"line":16,"column":60},"end":{"line":48,"column":2}},"16":{"start":{"line":17,"column":17},"end":{"line":17,"column":49}},"17":{"start":{"line":19,"column":2},"end":{"line":21,"column":3}},"18":{"start":{"line":20,"column":4},"end":{"line":20,"column":49}},"19":{"start":{"line":23,"column":2},"end":{"line":23,"column":34}},"20":{"start":{"line":25,"column":29},"end":{"line":25,"column":42}},"21":{"start":{"line":27,"column":18},"end":{"line":31,"column":4}},"22":{"start":{"line":33,"column":2},"end":{"line":43,"column":5}},"23":{"start":{"line":45,"column":18},"end":{"line":45,"column":41}},"24":{"start":{"line":47,"column":2},"end":{"line":47,"column":21}},"25":{"start":{"line":16,"column":13},"end":{"line":16,"column":36}},"26":{"start":{"line":50,"column":29},"end":{"line":72,"column":2}},"27":{"start":{"line":50,"column":66},"end":{"line":72,"column":2}},"28":{"start":{"line":51,"column":17},"end":{"line":51,"column":49}},"29":{"start":{"line":53,"column":2},"end":{"line":55,"column":3}},"30":{"start":{"line":54,"column":4},"end":{"line":54,"column":49}},"31":{"start":{"line":57,"column":18},"end":{"line":57,"column":51}},"32":{"start":{"line":59,"column":2},"end":{"line":61,"column":3}},"33":{"start":{"line":60,"column":4},"end":{"line":60,"column":46}},"34":{"start":{"line":63,"column":21},"end":{"line":63,"column":69}},"35":{"start":{"line":65,"column":2},"end":{"line":67,"column":3}},"36":{"start":{"line":66,"column":4},"end":{"line":66,"column":46}},"37":{"start":{"line":69,"column":2},"end":{"line":69,"column":34}},"38":{"start":{"line":70,"column":18},"end":{"line":70,"column":45}},"39":{"start":{"line":71,"column":2},"end":{"line":71,"column":21}},"40":{"start":{"line":50,"column":13},"end":{"line":50,"column":29}},"41":{"start":{"line":74,"column":33},"end":{"line":86,"column":2}},"42":{"start":{"line":74,"column":75},"end":{"line":86,"column":2}},"43":{"start":{"line":75,"column":15},"end":{"line":78,"column":null}},"44":{"start":{"line":81,"column":2},"end":{"line":83,"column":3}},"45":{"start":{"line":82,"column":4},"end":{"line":82,"column":49}},"46":{"start":{"line":85,"column":2},"end":{"line":85,"column":52}},"47":{"start":{"line":74,"column":13},"end":{"line":74,"column":33}}},"fnMap":{"0":{"name":"(anonymous_8)","decl":{"start":{"line":8,"column":27},"end":{"line":8,"column":36}},"loc":{"start":{"line":8,"column":38},"end":{"line":10,"column":2}}},"1":{"name":"(anonymous_9)","decl":{"start":{"line":8,"column":38},"end":{"line":8,"column":null}},"loc":{"start":{"line":8,"column":38},"end":{"line":10,"column":1}}},"2":{"name":"(anonymous_10)","decl":{"start":{"line":12,"column":33},"end":{"line":12,"column":40}},"loc":{"start":{"line":12,"column":54},"end":{"line":14,"column":2}}},"3":{"name":"(anonymous_11)","decl":{"start":{"line":12,"column":54},"end":{"line":12,"column":null}},"loc":{"start":{"line":12,"column":54},"end":{"line":14,"column":1}}},"4":{"name":"(anonymous_12)","decl":{"start":{"line":16,"column":36},"end":{"line":16,"column":43}},"loc":{"start":{"line":16,"column":60},"end":{"line":48,"column":2}}},"5":{"name":"(anonymous_13)","decl":{"start":{"line":16,"column":60},"end":{"line":16,"column":null}},"loc":{"start":{"line":16,"column":60},"end":{"line":48,"column":1}}},"6":{"name":"(anonymous_14)","decl":{"start":{"line":50,"column":29},"end":{"line":50,"column":36}},"loc":{"start":{"line":50,"column":66},"end":{"line":72,"column":2}}},"7":{"name":"(anonymous_15)","decl":{"start":{"line":50,"column":66},"end":{"line":50,"column":null}},"loc":{"start":{"line":50,"column":66},"end":{"line":72,"column":1}}},"8":{"name":"(anonymous_16)","decl":{"start":{"line":74,"column":33},"end":{"line":74,"column":40}},"loc":{"start":{"line":74,"column":75},"end":{"line":86,"column":2}}},"9":{"name":"(anonymous_17)","decl":{"start":{"line":74,"column":75},"end":{"line":74,"column":null}},"loc":{"start":{"line":74,"column":75},"end":{"line":86,"column":1}}}},"branchMap":{"0":{"loc":{"start":{"line":19,"column":2},"end":{"line":21,"column":3}},"type":"if","locations":[{"start":{"line":19,"column":2},"end":{"line":21,"column":3}}]},"1":{"loc":{"start":{"line":53,"column":2},"end":{"line":55,"column":3}},"type":"if","locations":[{"start":{"line":53,"column":2},"end":{"line":55,"column":3}}]},"2":{"loc":{"start":{"line":59,"column":2},"end":{"line":61,"column":3}},"type":"if","locations":[{"start":{"line":59,"column":2},"end":{"line":61,"column":3}}]},"3":{"loc":{"start":{"line":65,"column":2},"end":{"line":67,"column":3}},"type":"if","locations":[{"start":{"line":65,"column":2},"end":{"line":67,"column":3}}]},"4":{"loc":{"start":{"line":81,"column":2},"end":{"line":83,"column":3}},"type":"if","locations":[{"start":{"line":81,"column":2},"end":{"line":83,"column":3}}]}},"s":{"0":1,"1":1,"2":1,"3":1,"4":1,"5":1,"6":1,"7":0,"8":0,"9":1,"10":1,"11":0,"12":0,"13":1,"14":1,"15":2,"16":2,"17":2,"18":1,"19":1,"20":1,"21":1,"22":1,"23":1,"24":1,"25":1,"26":1,"27":3,"28":3,"29":3,"30":1,"31":2,"32":2,"33":1,"34":1,"35":1,"36":0,"37":1,"38":1,"39":1,"40":1,"41":1,"42":2,"43":2,"44":2,"45":1,"46":1,"47":1},"f":{"0":0,"1":0,"2":0,"3":0,"4":2,"5":2,"6":3,"7":3,"8":2,"9":2},"b":{"0":[1],"1":[1],"2":[1],"3":[0],"4":[1]}}
,"C:\\Users\\Admin\\Documents\\projects\\node\\auth-server\\src\\utils\\functions.ts": {"path":"C:\\Users\\Admin\\Documents\\projects\\node\\auth-server\\src\\utils\\functions.ts","statementMap":{"0":{"start":{"line":1,"column":27},"end":{"line":6,"column":1}},"1":{"start":{"line":2,"column":14},"end":{"line":2,"column":68}},"2":{"start":{"line":3,"column":20},"end":{"line":3,"column":57}},"3":{"start":{"line":5,"column":2},"end":{"line":5,"column":28}},"4":{"start":{"line":1,"column":13},"end":{"line":1,"column":27}},"5":{"start":{"line":8,"column":27},"end":{"line":18,"column":1}},"6":{"start":{"line":13,"column":22},"end":{"line":13,"column":32}},"7":{"start":{"line":14,"column":2},"end":{"line":16,"column":3}},"8":{"start":{"line":15,"column":4},"end":{"line":15,"column":16}},"9":{"start":{"line":17,"column":2},"end":{"line":17,"column":15}},"10":{"start":{"line":8,"column":13},"end":{"line":8,"column":27}}},"fnMap":{"0":{"name":"(anonymous_0)","decl":{"start":{"line":1,"column":27},"end":{"line":1,"column":64}},"loc":{"start":{"line":1,"column":66},"end":{"line":6,"column":1}}},"1":{"name":"(anonymous_1)","decl":{"start":{"line":8,"column":27},"end":{"line":8,"column":null}},"loc":{"start":{"line":12,"column":13},"end":{"line":18,"column":1}}}},"branchMap":{"0":{"loc":{"start":{"line":14,"column":2},"end":{"line":16,"column":3}},"type":"if","locations":[{"start":{"line":14,"column":2},"end":{"line":16,"column":3}}]},"1":{"loc":{"start":{"line":14,"column":6},"end":{"line":14,"column":56}},"type":"binary-expr","locations":[{"start":{"line":14,"column":6},"end":{"line":14,"column":28}},{"start":{"line":14,"column":32},"end":{"line":14,"column":56}}]}},"s":{"0":3,"1":0,"2":0,"3":0,"4":3,"5":3,"6":0,"7":0,"8":0,"9":0,"10":3},"f":{"0":0,"1":0},"b":{"0":[0],"1":[0,0]}}
,"C:\\Users\\Admin\\Documents\\projects\\node\\auth-server\\src\\utils\\schemas.ts": {"path":"C:\\Users\\Admin\\Documents\\projects\\node\\auth-server\\src\\utils\\schemas.ts","statementMap":{"0":{"start":{"line":1,"column":0},"end":{"line":1,"column":24}},"1":{"start":{"line":3,"column":13},"end":{"line":23,"column":5}},"2":{"start":{"line":20,"column":20},"end":{"line":20,"column":58}},"3":{"start":{"line":25,"column":13},"end":{"line":28,"column":3}},"4":{"start":{"line":30,"column":13},"end":{"line":32,"column":3}},"5":{"start":{"line":34,"column":13},"end":{"line":37,"column":3}},"6":{"start":{"line":39,"column":13},"end":{"line":58,"column":5}},"7":{"start":{"line":55,"column":20},"end":{"line":55,"column":58}}},"fnMap":{"0":{"name":"(anonymous_0)","decl":{"start":{"line":20,"column":10},"end":{"line":20,"column":11}},"loc":{"start":{"line":20,"column":20},"end":{"line":20,"column":58}}},"1":{"name":"(anonymous_1)","decl":{"start":{"line":55,"column":10},"end":{"line":55,"column":11}},"loc":{"start":{"line":55,"column":20},"end":{"line":55,"column":58}}}},"branchMap":{},"s":{"0":1,"1":1,"2":0,"3":1,"4":1,"5":1,"6":1,"7":0},"f":{"0":0,"1":0},"b":{}}
,"C:\\Users\\Admin\\Documents\\projects\\node\\auth-server\\src\\utils\\server.ts": {"path":"C:\\Users\\Admin\\Documents\\projects\\node\\auth-server\\src\\utils\\server.ts","statementMap":{"0":{"start":{"line":1,"column":0},"end":{"line":1,"column":30}},"1":{"start":{"line":2,"column":0},"end":{"line":2,"column":24}},"2":{"start":{"line":3,"column":0},"end":{"line":3,"column":38}},"3":{"start":{"line":4,"column":0},"end":{"line":4,"column":28}},"4":{"start":{"line":5,"column":0},"end":{"line":5,"column":63}},"5":{"start":{"line":6,"column":0},"end":{"line":6,"column":43}},"6":{"start":{"line":7,"column":0},"end":{"line":7,"column":41}},"7":{"start":{"line":8,"column":0},"end":{"line":8,"column":40}},"8":{"start":{"line":9,"column":0},"end":{"line":9,"column":40}},"9":{"start":{"line":11,"column":21},"end":{"line":33,"column":1}},"10":{"start":{"line":12,"column":31},"end":{"line":12,"column":40}},"11":{"start":{"line":14,"column":2},"end":{"line":14,"column":18}},"12":{"start":{"line":15,"column":2},"end":{"line":15,"column":25}},"13":{"start":{"line":16,"column":2},"end":{"line":16,"column":20}},"14":{"start":{"line":17,"column":2},"end":{"line":17,"column":26}},"15":{"start":{"line":18,"column":2},"end":{"line":18,"column":36}},"16":{"start":{"line":19,"column":2},"end":{"line":19,"column":18}},"17":{"start":{"line":21,"column":2},"end":{"line":23,"column":5}},"18":{"start":{"line":22,"column":4},"end":{"line":22,"column":38}},"19":{"start":{"line":24,"column":2},"end":{"line":24,"column":53}},"20":{"start":{"line":26,"column":2},"end":{"line":26,"column":35}},"21":{"start":{"line":27,"column":2},"end":{"line":27,"column":36}},"22":{"start":{"line":29,"column":2},"end":{"line":29,"column":20}},"23":{"start":{"line":30,"column":2},"end":{"line":30,"column":24}},"24":{"start":{"line":32,"column":2},"end":{"line":32,"column":13}},"25":{"start":{"line":35,"column":0},"end":{"line":35,"column":28}}},"fnMap":{"0":{"name":"(anonymous_1)","decl":{"start":{"line":11,"column":21},"end":{"line":11,"column":24}},"loc":{"start":{"line":11,"column":26},"end":{"line":33,"column":1}}},"1":{"name":"(anonymous_2)","decl":{"start":{"line":21,"column":15},"end":{"line":21,"column":16}},"loc":{"start":{"line":21,"column":63},"end":{"line":23,"column":3}}}},"branchMap":{},"s":{"0":1,"1":1,"2":1,"3":1,"4":1,"5":1,"6":1,"7":1,"8":1,"9":1,"10":1,"11":1,"12":1,"13":1,"14":1,"15":1,"16":1,"17":1,"18":0,"19":1,"20":1,"21":1,"22":1,"23":1,"24":1,"25":1},"f":{"0":1,"1":0},"b":{}}
}
