TN:
SF:src\controllers\auth.ts
FN:15,(anonymous_7)
FN:19,(anonymous_8)
FN:32,(anonymous_9)
FN:36,(anonymous_10)
FN:48,(anonymous_11)
FN:52,(anonymous_12)
FN:64,(anonymous_13)
FN:68,(anonymous_14)
FNF:8
FNH:8
FNDA:2,(anonymous_7)
FNDA:2,(anonymous_8)
FNDA:2,(anonymous_9)
FNDA:2,(anonymous_10)
FNDA:2,(anonymous_11)
FNDA:2,(anonymous_12)
FNDA:2,(anonymous_13)
FNDA:2,(anonymous_14)
DA:8,2
DA:15,2
DA:19,2
DA:20,2
DA:22,2
DA:24,2
DA:26,1
DA:28,1
DA:32,2
DA:36,2
DA:37,2
DA:38,2
DA:40,2
DA:42,1
DA:44,1
DA:48,2
DA:52,2
DA:53,2
DA:54,2
DA:56,2
DA:58,1
DA:60,1
DA:64,2
DA:68,2
DA:69,2
DA:70,2
DA:72,2
DA:74,1
DA:76,1
LF:29
LH:29
BRF:0
BRH:0
end_of_record
TN:
SF:src\controllers\user.ts
FN:16,(anonymous_8)
FN:20,(anonymous_9)
FN:36,(anonymous_10)
FN:40,(anonymous_11)
FN:60,(anonymous_12)
FN:64,(anonymous_13)
FN:76,(anonymous_14)
FN:80,(anonymous_15)
FN:92,(anonymous_16)
FN:96,(anonymous_17)
FNF:10
FNH:10
FNDA:2,(anonymous_8)
FNDA:2,(anonymous_9)
FNDA:3,(anonymous_10)
FNDA:3,(anonymous_11)
FNDA:2,(anonymous_12)
FNDA:2,(anonymous_13)
FNDA:2,(anonymous_14)
FNDA:2,(anonymous_15)
FNDA:2,(anonymous_16)
FNDA:2,(anonymous_17)
DA:7,1
DA:14,1
DA:16,1
DA:20,2
DA:21,2
DA:22,2
DA:24,1
DA:30,1
DA:32,1
DA:36,1
DA:40,3
DA:41,3
DA:42,3
DA:43,3
DA:44,1
DA:47,2
DA:49,1
DA:54,1
DA:56,2
DA:60,1
DA:64,2
DA:65,2
DA:66,2
DA:68,2
DA:70,1
DA:72,1
DA:76,1
DA:80,2
DA:81,2
DA:82,2
DA:84,2
DA:86,1
DA:88,1
DA:92,1
DA:96,2
DA:97,2
DA:99,2
DA:101,2
DA:102,1
DA:104,1
LF:40
LH:40
BRDA:43,0,0,1
BRF:1
BRH:1
end_of_record
TN:
SF:src\lib\sendgrid.ts
FN:8,(anonymous_8)
FN:8,(anonymous_9)
FN:23,oo_cm
FNF:3
FNH:0
FNDA:0,(anonymous_8)
FNDA:0,(anonymous_9)
FNDA:0,oo_cm
DA:1,3
DA:2,3
DA:4,3
DA:6,3
DA:8,3
DA:9,0
DA:10,0
DA:11,0
DA:13,0
DA:14,0
DA:23,3
LF:11
LH:6
BRDA:23,0,0,0
BRDA:23,0,1,0
BRF:2
BRH:0
end_of_record
TN:
SF:src\lib\swagger.ts
FNF:0
FNH:0
DA:1,1
DA:2,1
DA:3,1
DA:5,1
DA:7,1
DA:35,1
DA:37,1
LF:7
LH:7
BRDA:18,0,0,0
BRDA:18,0,1,1
BRDA:22,1,0,0
BRDA:22,1,1,1
BRDA:29,2,0,0
BRDA:29,2,1,1
BRF:6
BRH:3
end_of_record
TN:
SF:src\middleware\index.ts
FN:5,(anonymous_1)
FN:15,(anonymous_2)
FN:16,(anonymous_3)
FN:33,(anonymous_4)
FN:42,(anonymous_5)
FN:68,oo_cm
FNF:6
FNH:3
FNDA:2,(anonymous_1)
FNDA:7,(anonymous_2)
FNDA:0,(anonymous_3)
FNDA:0,(anonymous_4)
FNDA:0,(anonymous_5)
FNDA:2,oo_cm
DA:2,1
DA:3,1
DA:5,1
DA:10,2
DA:11,2
DA:14,1
DA:15,1
DA:16,7
DA:17,0
DA:18,0
DA:19,0
DA:21,0
DA:22,0
DA:29,0
DA:33,1
DA:38,0
DA:39,0
DA:42,1
DA:48,0
DA:49,0
DA:51,0
DA:52,0
DA:53,0
DA:54,0
DA:55,0
DA:56,0
DA:60,0
DA:68,2
LF:28
LH:11
BRDA:21,0,0,0
BRDA:49,1,0,0
BRDA:49,1,1,0
BRDA:51,2,0,0
BRDA:54,3,0,0
BRDA:54,4,0,0
BRDA:54,4,1,0
BRDA:54,5,0,0
BRDA:54,5,1,0
BRDA:68,6,0,2
BRDA:68,6,1,1
BRF:11
BRH:2
end_of_record
TN:
SF:src\models\otp.ts
FNF:0
FNH:0
DA:1,3
DA:4,3
DA:22,3
LF:3
LH:3
BRF:0
BRH:0
end_of_record
TN:
SF:src\models\user.ts
FNF:0
FNH:0
DA:1,3
DA:4,3
DA:27,3
LF:3
LH:3
BRF:0
BRH:0
end_of_record
TN:
SF:src\routes\auth.ts
FNF:0
FNH:0
DA:1,1
DA:7,1
DA:8,1
DA:9,1
DA:16,1
DA:82,1
DA:148,1
DA:183,1
DA:226,1
DA:228,1
LF:10
LH:10
BRF:0
BRH:0
end_of_record
TN:
SF:src\routes\user.ts
FNF:0
FNH:0
DA:1,1
DA:8,1
DA:9,1
DA:10,1
DA:16,1
DA:91,1
DA:121,1
DA:166,1
DA:219,1
DA:277,1
DA:279,1
LF:11
LH:11
BRF:0
BRH:0
end_of_record
TN:
SF:src\services\auth.ts
FN:9,(anonymous_8)
FN:13,(anonymous_9)
FN:56,(anonymous_10)
FN:56,(anonymous_11)
FN:76,(anonymous_12)
FN:76,(anonymous_13)
FN:109,(anonymous_14)
FN:109,(anonymous_15)
FNF:8
FNH:8
FNDA:2,(anonymous_8)
FNDA:2,(anonymous_9)
FNDA:3,(anonymous_10)
FNDA:3,(anonymous_11)
FNDA:2,(anonymous_12)
FNDA:2,(anonymous_13)
FNDA:4,(anonymous_14)
FNDA:4,(anonymous_15)
DA:1,2
DA:2,2
DA:3,2
DA:4,2
DA:5,2
DA:6,2
DA:7,2
DA:9,2
DA:13,2
DA:14,2
DA:16,2
DA:17,1
DA:20,1
DA:22,1
DA:29,1
DA:33,1
DA:35,1
DA:41,1
DA:53,1
DA:56,3
DA:57,3
DA:59,3
DA:60,1
DA:63,2
DA:65,2
DA:66,1
DA:69,1
DA:73,1
DA:76,2
DA:77,2
DA:79,2
DA:80,1
DA:83,1
DA:85,1
DA:87,1
DA:93,1
DA:105,1
DA:106,1
DA:109,4
DA:110,4
DA:112,4
DA:113,1
DA:116,3
DA:118,3
DA:119,1
DA:122,2
DA:124,2
DA:125,1
DA:128,1
DA:133,1
DA:134,1
LF:51
LH:51
BRDA:16,0,0,1
BRDA:59,1,0,1
BRDA:65,2,0,1
BRDA:79,3,0,1
BRDA:112,4,0,1
BRDA:118,5,0,1
BRDA:124,6,0,1
BRF:7
BRH:7
end_of_record
TN:
SF:src\services\user.ts
FN:8,(anonymous_8)
FN:8,(anonymous_9)
FN:12,(anonymous_10)
FN:12,(anonymous_11)
FN:16,(anonymous_12)
FN:16,(anonymous_13)
FN:50,(anonymous_14)
FN:50,(anonymous_15)
FN:74,(anonymous_16)
FN:74,(anonymous_17)
FNF:10
FNH:6
FNDA:0,(anonymous_8)
FNDA:0,(anonymous_9)
FNDA:0,(anonymous_10)
FNDA:0,(anonymous_11)
FNDA:2,(anonymous_12)
FNDA:2,(anonymous_13)
FNDA:3,(anonymous_14)
FNDA:3,(anonymous_15)
FNDA:2,(anonymous_16)
FNDA:2,(anonymous_17)
DA:1,1
DA:2,1
DA:3,1
DA:4,1
DA:5,1
DA:6,1
DA:8,1
DA:9,0
DA:12,1
DA:13,0
DA:16,2
DA:17,2
DA:19,2
DA:20,1
DA:23,1
DA:25,1
DA:27,1
DA:33,1
DA:45,1
DA:47,1
DA:50,3
DA:51,3
DA:53,3
DA:54,1
DA:57,2
DA:59,2
DA:60,1
DA:63,1
DA:65,1
DA:66,0
DA:69,1
DA:70,1
DA:71,1
DA:74,2
DA:75,2
DA:81,2
DA:82,1
DA:85,1
LF:38
LH:35
BRDA:19,0,0,1
BRDA:53,1,0,1
BRDA:59,2,0,1
BRDA:65,3,0,0
BRDA:81,4,0,1
BRF:5
BRH:4
end_of_record
TN:
SF:src\utils\functions.ts
FN:1,(anonymous_0)
FN:8,(anonymous_1)
FNF:2
FNH:0
FNDA:0,(anonymous_0)
FNDA:0,(anonymous_1)
DA:1,3
DA:2,0
DA:3,0
DA:5,0
DA:8,3
DA:13,0
DA:14,0
DA:15,0
DA:17,0
LF:9
LH:2
BRDA:14,0,0,0
BRDA:14,1,0,0
BRDA:14,1,1,0
BRF:3
BRH:0
end_of_record
TN:
SF:src\utils\schemas.ts
FN:20,(anonymous_0)
FN:55,(anonymous_1)
FNF:2
FNH:0
FNDA:0,(anonymous_0)
FNDA:0,(anonymous_1)
DA:1,1
DA:3,1
DA:20,0
DA:25,1
DA:30,1
DA:34,1
DA:39,1
DA:55,0
LF:8
LH:6
BRF:0
BRH:0
end_of_record
TN:
SF:src\utils\server.ts
FN:11,(anonymous_1)
FN:21,(anonymous_2)
FNF:2
FNH:1
FNDA:1,(anonymous_1)
FNDA:0,(anonymous_2)
DA:1,1
DA:2,1
DA:3,1
DA:4,1
DA:5,1
DA:6,1
DA:7,1
DA:8,1
DA:9,1
DA:11,1
DA:12,1
DA:14,1
DA:15,1
DA:16,1
DA:17,1
DA:18,1
DA:19,1
DA:21,1
DA:22,0
DA:24,1
DA:26,1
DA:27,1
DA:29,1
DA:30,1
DA:32,1
DA:35,1
LF:26
LH:25
BRF:0
BRH:0
end_of_record
