TN:
SF:src\controllers\auth.ts
FN:15,(anonymous_7)
FN:19,(anonymous_8)
FN:32,(anonymous_9)
FN:36,(anonymous_10)
FN:48,(anonymous_11)
FN:52,(anonymous_12)
FN:64,(anonymous_13)
FN:68,(anonymous_14)
FNF:8
FNH:8
FNDA:2,(anonymous_7)
FNDA:2,(anonymous_8)
FNDA:2,(anonymous_9)
FNDA:2,(anonymous_10)
FNDA:2,(anonymous_11)
FNDA:2,(anonymous_12)
FNDA:2,(anonymous_13)
FNDA:2,(anonymous_14)
DA:8,1
DA:15,1
DA:19,2
DA:20,2
DA:22,2
DA:24,2
DA:26,1
DA:28,1
DA:32,1
DA:36,2
DA:37,2
DA:38,2
DA:40,2
DA:42,1
DA:44,1
DA:48,1
DA:52,2
DA:53,2
DA:54,2
DA:56,2
DA:58,1
DA:60,1
DA:64,1
DA:68,2
DA:69,2
DA:70,2
DA:72,2
DA:74,1
DA:76,1
LF:29
LH:29
BRF:0
BRH:0
end_of_record
TN:
SF:src\controllers\user.ts
FN:13,(anonymous_7)
FN:17,(anonymous_8)
FN:29,(anonymous_9)
FN:33,(anonymous_10)
FN:45,(anonymous_11)
FN:49,(anonymous_12)
FNF:6
FNH:6
FNDA:2,(anonymous_7)
FNDA:2,(anonymous_8)
FNDA:2,(anonymous_9)
FNDA:2,(anonymous_10)
FNDA:2,(anonymous_11)
FNDA:2,(anonymous_12)
DA:7,1
DA:13,1
DA:17,2
DA:18,2
DA:19,2
DA:21,2
DA:23,1
DA:25,1
DA:29,1
DA:33,2
DA:34,2
DA:35,2
DA:37,2
DA:39,1
DA:41,1
DA:45,1
DA:49,2
DA:50,2
DA:52,2
DA:54,2
DA:55,1
DA:57,1
LF:22
LH:22
BRF:0
BRH:0
end_of_record
TN:
SF:src\lib\sendgrid.ts
FN:8,(anonymous_8)
FN:8,(anonymous_9)
FN:23,oo_cm
FNF:3
FNH:0
FNDA:0,(anonymous_8)
FNDA:0,(anonymous_9)
FNDA:0,oo_cm
DA:1,2
DA:2,2
DA:4,2
DA:6,2
DA:8,2
DA:9,0
DA:10,0
DA:11,0
DA:13,0
DA:14,0
DA:23,2
LF:11
LH:6
BRDA:23,0,0,0
BRDA:23,0,1,0
BRF:2
BRH:0
end_of_record
TN:
SF:src\models\otp.ts
FNF:0
FNH:0
DA:1,2
DA:4,2
DA:22,2
LF:3
LH:3
BRF:0
BRH:0
end_of_record
TN:
SF:src\models\user.ts
FNF:0
FNH:0
DA:1,2
DA:4,2
DA:27,2
LF:3
LH:3
BRF:0
BRH:0
end_of_record
TN:
SF:src\services\auth.ts
FN:9,(anonymous_8)
FN:13,(anonymous_9)
FN:56,(anonymous_10)
FN:56,(anonymous_11)
FN:76,(anonymous_12)
FN:76,(anonymous_13)
FN:109,(anonymous_14)
FN:109,(anonymous_15)
FNF:8
FNH:8
FNDA:2,(anonymous_8)
FNDA:2,(anonymous_9)
FNDA:3,(anonymous_10)
FNDA:3,(anonymous_11)
FNDA:2,(anonymous_12)
FNDA:2,(anonymous_13)
FNDA:4,(anonymous_14)
FNDA:4,(anonymous_15)
DA:1,1
DA:2,1
DA:3,1
DA:4,1
DA:5,1
DA:6,1
DA:7,1
DA:9,1
DA:13,2
DA:14,2
DA:16,2
DA:17,1
DA:20,1
DA:22,1
DA:29,1
DA:33,1
DA:35,1
DA:41,1
DA:53,1
DA:56,3
DA:57,3
DA:59,3
DA:60,1
DA:63,2
DA:65,2
DA:66,1
DA:69,1
DA:73,1
DA:76,2
DA:77,2
DA:79,2
DA:80,1
DA:83,1
DA:85,1
DA:87,1
DA:93,1
DA:105,1
DA:106,1
DA:109,4
DA:110,4
DA:112,4
DA:113,1
DA:116,3
DA:118,3
DA:119,1
DA:122,2
DA:124,2
DA:125,1
DA:128,1
DA:133,1
DA:134,1
LF:51
LH:51
BRDA:16,0,0,1
BRDA:59,1,0,1
BRDA:65,2,0,1
BRDA:79,3,0,1
BRDA:112,4,0,1
BRDA:118,5,0,1
BRDA:124,6,0,1
BRF:7
BRH:7
end_of_record
TN:
SF:src\services\user.ts
FN:8,(anonymous_8)
FN:8,(anonymous_9)
FN:42,(anonymous_10)
FN:42,(anonymous_11)
FN:66,(anonymous_12)
FN:66,(anonymous_13)
FNF:6
FNH:6
FNDA:2,(anonymous_8)
FNDA:2,(anonymous_9)
FNDA:3,(anonymous_10)
FNDA:3,(anonymous_11)
FNDA:2,(anonymous_12)
FNDA:2,(anonymous_13)
DA:1,1
DA:2,1
DA:3,1
DA:4,1
DA:5,1
DA:6,1
DA:8,2
DA:9,2
DA:11,2
DA:12,1
DA:15,1
DA:17,1
DA:19,1
DA:25,1
DA:37,1
DA:39,1
DA:42,3
DA:43,3
DA:45,3
DA:46,1
DA:49,2
DA:51,2
DA:52,1
DA:55,1
DA:57,1
DA:58,0
DA:61,1
DA:62,1
DA:63,1
DA:66,2
DA:67,2
DA:73,2
DA:74,1
DA:77,1
LF:34
LH:33
BRDA:11,0,0,1
BRDA:45,1,0,1
BRDA:51,2,0,1
BRDA:57,3,0,0
BRDA:73,4,0,1
BRF:5
BRH:4
end_of_record
TN:
SF:src\utils\functions.ts
FN:1,(anonymous_0)
FN:8,(anonymous_1)
FNF:2
FNH:0
FNDA:0,(anonymous_0)
FNDA:0,(anonymous_1)
DA:1,2
DA:2,0
DA:3,0
DA:5,0
DA:8,2
DA:13,0
DA:14,0
DA:15,0
DA:17,0
LF:9
LH:2
BRDA:14,0,0,0
BRDA:14,1,0,0
BRDA:14,1,1,0
BRF:3
BRH:0
end_of_record
